[debug] [2025-06-30T16:52:22.254Z] ----------------------------------------------------------------------
[debug] [2025-06-30T16:52:22.265Z] Command:       C:\Program Files\nodejs\node.exe C:\Users\new\AppData\Roaming\npm\node_modules\firebase-tools\lib\bin\firebase.js init
[debug] [2025-06-30T16:52:22.266Z] CLI Version:   14.9.0
[debug] [2025-06-30T16:52:22.266Z] Platform:      win32
[debug] [2025-06-30T16:52:22.266Z] Node Version:  v22.17.0
[debug] [2025-06-30T16:52:22.266Z] Time:          Mon Jun 30 2025 09:52:22 GMT-0700 (Pacific Daylight Time)
[debug] [2025-06-30T16:52:22.267Z] ----------------------------------------------------------------------
[debug] 
[debug] [2025-06-30T16:52:22.334Z] > command requires scopes: ["email","openid","https://www.googleapis.com/auth/cloudplatformprojects.readonly","https://www.googleapis.com/auth/firebase","https://www.googleapis.com/auth/cloud-platform"]
[debug] [2025-06-30T16:52:22.336Z] > authorizing via signed-in user (ahirdas4455@gmail.com)
[info] 
     ######## #### ########  ######## ########     ###     ######  ########
     ##        ##  ##     ## ##       ##     ##  ##   ##  ##       ##
     ######    ##  ########  ######   ########  #########  ######  ######
     ##        ##  ##    ##  ##       ##     ## ##     ##       ## ##
     ##       #### ##     ## ######## ########  ##     ##  ######  ########

You're about to initialize a Firebase project in this directory:

  E:\projects2\Milestone-11\globalgivers

[debug] [2025-06-30T16:52:57.984Z] ExitPromptError: User force closed the prompt with SIGINT
    at Interface.sigint (C:\Users\new\AppData\Roaming\npm\node_modules\firebase-tools\node_modules\@inquirer\core\dist\commonjs\lib\create-prompt.js:101:37)
    at Interface.emit (node:events:518:28)
    at Interface.emit (node:domain:489:12)
    at [_ttyWrite] [as _ttyWrite] (node:internal/readline/interface:1132:18)
    at ReadStream.onkeypress (node:internal/readline/interface:271:20)
    at ReadStream.emit (node:events:530:35)
    at ReadStream.emit (node:domain:489:12)
    at emitKeys (node:internal/readline/utils:370:14)
    at emitKeys.next (<anonymous>)
    at ReadStream.onData (node:internal/readline/emitKeypressEvents:64:36)
[error] 
[error] Error: An unexpected error has occurred.
